<?xml version="1.0" encoding="UTF-8"?>
<!-- Generated by org.testng.reporters.JUnitReportReporter -->
<testsuite skipped="0" hostname="LAPTOP-PPS" name="SendMailSSLWithAttachment" tests="1" failures="0" timestamp="2021-09-03T15:49:41 IST" time="8.484" errors="1">
  <testcase name="mail" time="8.484" classname="SendMailSSLWithAttachment">
    <error type="java.lang.RuntimeException" message="javax.mail.MessagingException: IOException while sending message;
  nested exception is:
	java.io.FileNotFoundException: C:\Users\manoj\eclipse-workspace-new\MaventestProjectart\test-output\emailable-report.html (The system cannot find the file specified)">
      <![CDATA[java.lang.RuntimeException: javax.mail.MessagingException: IOException while sending message;
  nested exception is:
java.io.FileNotFoundException: C:\Users\manoj\eclipse-workspace-new\MaventestProjectart\test-output\emailable-report.html (The system cannot find the file specified)
at SendMailSSLWithAttachment.mail(SendMailSSLWithAttachment.java:127)
at sun.reflect.NativeMethodAccessorImpl.invoke0(Native Method)
at sun.reflect.NativeMethodAccessorImpl.invoke(NativeMethodAccessorImpl.java:62)
at sun.reflect.DelegatingMethodAccessorImpl.invoke(DelegatingMethodAccessorImpl.java:43)
at java.lang.reflect.Method.invoke(Method.java:498)
at org.testng.internal.MethodInvocationHelper.invokeMethod(MethodInvocationHelper.java:135)
at org.testng.internal.MethodInvocationHelper.invokeMethodConsideringTimeout(MethodInvocationHelper.java:64)
at org.testng.internal.ConfigInvoker.invokeConfigurationMethod(ConfigInvoker.java:364)
at org.testng.internal.ConfigInvoker.invokeConfigurations(ConfigInvoker.java:318)
at org.testng.SuiteRunner.privateRun(SuiteRunner.java:351)
at org.testng.SuiteRunner.run(SuiteRunner.java:286)
at org.testng.SuiteRunnerWorker.runSuite(SuiteRunnerWorker.java:53)
at org.testng.SuiteRunnerWorker.run(SuiteRunnerWorker.java:96)
at org.testng.TestNG.runSuitesSequentially(TestNG.java:1214)
at org.testng.TestNG.runSuitesLocally(TestNG.java:1136)
at org.testng.TestNG.runSuites(TestNG.java:1066)
at org.testng.TestNG.run(TestNG.java:1034)
at org.testng.remote.AbstractRemoteTestNG.run(AbstractRemoteTestNG.java:115)
at org.testng.remote.RemoteTestNG.initAndRun(RemoteTestNG.java:251)
at org.testng.remote.RemoteTestNG.main(RemoteTestNG.java:77)
Caused by: javax.mail.MessagingException: IOException while sending message;
  nested exception is:
java.io.FileNotFoundException: C:\Users\manoj\eclipse-workspace-new\MaventestProjectart\test-output\emailable-report.html (The system cannot find the file specified)
at com.sun.mail.smtp.SMTPTransport.sendMessage(SMTPTransport.java:1365)
at javax.mail.Transport.send0(Transport.java:255)
at javax.mail.Transport.send(Transport.java:124)
at SendMailSSLWithAttachment.mail(SendMailSSLWithAttachment.java:121)
... 19 more
Caused by: java.io.FileNotFoundException: C:\Users\manoj\eclipse-workspace-new\MaventestProjectart\test-output\emailable-report.html (The system cannot find the file specified)
at java.io.FileInputStream.open0(Native Method)
at java.io.FileInputStream.open(FileInputStream.java:195)
at java.io.FileInputStream.<init>(FileInputStream.java:138)
at javax.activation.FileDataSource.getInputStream(FileDataSource.java:97)
at javax.activation.DataHandler.writeTo(DataHandler.java:305)
at javax.mail.internet.MimeBodyPart.writeTo(MimeBodyPart.java:1694)
at javax.mail.internet.MimeBodyPart.writeTo(MimeBodyPart.java:996)
at javax.mail.internet.MimeMultipart.writeTo(MimeMultipart.java:561)
at com.sun.mail.handlers.multipart_mixed.writeTo(multipart_mixed.java:84)
at javax.activation.ObjectDataContentHandler.writeTo(DataHandler.java:889)
at javax.activation.DataHandler.writeTo(DataHandler.java:317)
at javax.mail.internet.MimeBodyPart.writeTo(MimeBodyPart.java:1694)
at javax.mail.internet.MimeMessage.writeTo(MimeMessage.java:1913)
at com.sun.mail.smtp.SMTPTransport.sendMessage(SMTPTransport.java:1315)
... 22 more
]]>
    </error>
  </testcase> <!-- mail -->
  <system-out/>
</testsuite> <!-- SendMailSSLWithAttachment -->
